Build output check failed:
    Regex: 'argument .* is not valid'
    Output line: 'cc1: warning: ‘-Werror=’ argument ‘-Werror=non-virtual-dtor’ is not valid for C'
Compilation failed:
    source file: '/home/jakob/Documents/Hackathon/lent21/build/CMakeFiles/CMakeTmp/src.c'
    check option: ' -fsigned-char -W -Wall -Werror=return-type  -Werror=non-virtual-dtor'
===== BUILD LOG =====
Change Dir: /home/jakob/Documents/Hackathon/lent21/build/CMakeFiles/CMakeTmp

Run Build Command(s):/usr/bin/make cmTC_436fd/fast && /usr/bin/make -f CMakeFiles/cmTC_436fd.dir/build.make CMakeFiles/cmTC_436fd.dir/build
make[1]: Entering directory '/home/jakob/Documents/Hackathon/lent21/build/CMakeFiles/CMakeTmp'
Building C object CMakeFiles/cmTC_436fd.dir/src.c.o
/usr/bin/cc   -O3 -DNDEBUG -fPIE    -fsigned-char -W -Wall -Werror=return-type  -Werror=non-virtual-dtor -o CMakeFiles/cmTC_436fd.dir/src.c.o   -c /home/jakob/Documents/Hackathon/lent21/build/CMakeFiles/CMakeTmp/src.c
cc1: warning: ‘-Werror=’ argument ‘-Werror=non-virtual-dtor’ is not valid for C
/home/jakob/Documents/Hackathon/lent21/build/CMakeFiles/CMakeTmp/src.c:1: warning: ignoring #pragma   [-Wunknown-pragmas]
    1 | #pragma
      | 
Linking C executable cmTC_436fd
/usr/bin/cmake -E cmake_link_script CMakeFiles/cmTC_436fd.dir/link.txt --verbose=1
/usr/bin/cc   -O3 -DNDEBUG    CMakeFiles/cmTC_436fd.dir/src.c.o  -o cmTC_436fd 
make[1]: Leaving directory '/home/jakob/Documents/Hackathon/lent21/build/CMakeFiles/CMakeTmp'


===== END =====

Build output check failed:
    Regex: 'command[- ]line option .* is valid for .* but not for C\+\+'
    Output line: 'cc1plus: warning: command line option ‘-Wmissing-prototypes’ is valid for C/ObjC but not for C++'
Compilation failed:
    source file: '/home/jakob/Documents/Hackathon/lent21/build/CMakeFiles/CMakeTmp/src.cxx'
    check option: ' -fsigned-char -W -Wall -Werror=return-type -Werror=non-virtual-dtor -Werror=address -Werror=sequence-point -Wformat -Werror=format-security -Wmissing-declarations  -Wmissing-prototypes'
===== BUILD LOG =====
Change Dir: /home/jakob/Documents/Hackathon/lent21/build/CMakeFiles/CMakeTmp

Run Build Command(s):/usr/bin/make cmTC_e3f03/fast && /usr/bin/make -f CMakeFiles/cmTC_e3f03.dir/build.make CMakeFiles/cmTC_e3f03.dir/build
make[1]: Entering directory '/home/jakob/Documents/Hackathon/lent21/build/CMakeFiles/CMakeTmp'
Building CXX object CMakeFiles/cmTC_e3f03.dir/src.cxx.o
/usr/bin/c++    -O3 -DNDEBUG -fPIE    -fsigned-char -W -Wall -Werror=return-type -Werror=non-virtual-dtor -Werror=address -Werror=sequence-point -Wformat -Werror=format-security -Wmissing-declarations  -Wmissing-prototypes -std=c++11 -o CMakeFiles/cmTC_e3f03.dir/src.cxx.o -c /home/jakob/Documents/Hackathon/lent21/build/CMakeFiles/CMakeTmp/src.cxx
cc1plus: warning: command line option ‘-Wmissing-prototypes’ is valid for C/ObjC but not for C++
/home/jakob/Documents/Hackathon/lent21/build/CMakeFiles/CMakeTmp/src.cxx:1: warning: ignoring #pragma   [-Wunknown-pragmas]
    1 | #pragma
      | 
Linking CXX executable cmTC_e3f03
/usr/bin/cmake -E cmake_link_script CMakeFiles/cmTC_e3f03.dir/link.txt --verbose=1
/usr/bin/c++    -O3 -DNDEBUG    CMakeFiles/cmTC_e3f03.dir/src.cxx.o  -o cmTC_e3f03 
make[1]: Leaving directory '/home/jakob/Documents/Hackathon/lent21/build/CMakeFiles/CMakeTmp'


===== END =====

Build output check failed:
    Regex: 'command[- ]line option .* is valid for .* but not for C\+\+'
    Output line: 'cc1plus: warning: command line option ‘-Wstrict-prototypes’ is valid for C/ObjC but not for C++'
Compilation failed:
    source file: '/home/jakob/Documents/Hackathon/lent21/build/CMakeFiles/CMakeTmp/src.cxx'
    check option: ' -fsigned-char -W -Wall -Werror=return-type -Werror=non-virtual-dtor -Werror=address -Werror=sequence-point -Wformat -Werror=format-security -Wmissing-declarations  -Wstrict-prototypes'
===== BUILD LOG =====
Change Dir: /home/jakob/Documents/Hackathon/lent21/build/CMakeFiles/CMakeTmp

Run Build Command(s):/usr/bin/make cmTC_333d9/fast && /usr/bin/make -f CMakeFiles/cmTC_333d9.dir/build.make CMakeFiles/cmTC_333d9.dir/build
make[1]: Entering directory '/home/jakob/Documents/Hackathon/lent21/build/CMakeFiles/CMakeTmp'
Building CXX object CMakeFiles/cmTC_333d9.dir/src.cxx.o
/usr/bin/c++    -O3 -DNDEBUG -fPIE    -fsigned-char -W -Wall -Werror=return-type -Werror=non-virtual-dtor -Werror=address -Werror=sequence-point -Wformat -Werror=format-security -Wmissing-declarations  -Wstrict-prototypes -std=c++11 -o CMakeFiles/cmTC_333d9.dir/src.cxx.o -c /home/jakob/Documents/Hackathon/lent21/build/CMakeFiles/CMakeTmp/src.cxx
cc1plus: warning: command line option ‘-Wstrict-prototypes’ is valid for C/ObjC but not for C++
/home/jakob/Documents/Hackathon/lent21/build/CMakeFiles/CMakeTmp/src.cxx:1: warning: ignoring #pragma   [-Wunknown-pragmas]
    1 | #pragma
      | 
Linking CXX executable cmTC_333d9
/usr/bin/cmake -E cmake_link_script CMakeFiles/cmTC_333d9.dir/link.txt --verbose=1
/usr/bin/c++    -O3 -DNDEBUG    CMakeFiles/cmTC_333d9.dir/src.cxx.o  -o cmTC_333d9 
make[1]: Leaving directory '/home/jakob/Documents/Hackathon/lent21/build/CMakeFiles/CMakeTmp'


===== END =====

Build output check failed:
    Regex: 'command[- ]line option .* is valid for .* but not for C'
    Output line: 'cc1: warning: command line option ‘-Wsign-promo’ is valid for C++/ObjC++ but not for C'
Compilation failed:
    source file: '/home/jakob/Documents/Hackathon/lent21/build/CMakeFiles/CMakeTmp/src.c'
    check option: ' -fsigned-char -W -Wall -Werror=return-type -Werror=address -Werror=sequence-point -Wformat -Werror=format-security -Wmissing-declarations -Wmissing-prototypes -Wstrict-prototypes -Wundef -Winit-self -Wpointer-arith -Wshadow  -Wsign-promo'
===== BUILD LOG =====
Change Dir: /home/jakob/Documents/Hackathon/lent21/build/CMakeFiles/CMakeTmp

Run Build Command(s):/usr/bin/make cmTC_be30f/fast && /usr/bin/make -f CMakeFiles/cmTC_be30f.dir/build.make CMakeFiles/cmTC_be30f.dir/build
make[1]: Entering directory '/home/jakob/Documents/Hackathon/lent21/build/CMakeFiles/CMakeTmp'
Building C object CMakeFiles/cmTC_be30f.dir/src.c.o
/usr/bin/cc   -O3 -DNDEBUG -fPIE    -fsigned-char -W -Wall -Werror=return-type -Werror=address -Werror=sequence-point -Wformat -Werror=format-security -Wmissing-declarations -Wmissing-prototypes -Wstrict-prototypes -Wundef -Winit-self -Wpointer-arith -Wshadow  -Wsign-promo -o CMakeFiles/cmTC_be30f.dir/src.c.o   -c /home/jakob/Documents/Hackathon/lent21/build/CMakeFiles/CMakeTmp/src.c
cc1: warning: command line option ‘-Wsign-promo’ is valid for C++/ObjC++ but not for C
/home/jakob/Documents/Hackathon/lent21/build/CMakeFiles/CMakeTmp/src.c:1: warning: ignoring #pragma   [-Wunknown-pragmas]
    1 | #pragma
      | 
Linking C executable cmTC_be30f
/usr/bin/cmake -E cmake_link_script CMakeFiles/cmTC_be30f.dir/link.txt --verbose=1
/usr/bin/cc   -O3 -DNDEBUG    CMakeFiles/cmTC_be30f.dir/src.c.o  -o cmTC_be30f 
make[1]: Leaving directory '/home/jakob/Documents/Hackathon/lent21/build/CMakeFiles/CMakeTmp'


===== END =====

Build output check failed:
    Regex: 'command[- ]line option .* is valid for .* but not for C'
    Output line: 'cc1: warning: command line option ‘-Wsuggest-override’ is valid for C++/ObjC++ but not for C'
Compilation failed:
    source file: '/home/jakob/Documents/Hackathon/lent21/build/CMakeFiles/CMakeTmp/src.c'
    check option: ' -fsigned-char -W -Wall -Werror=return-type -Werror=address -Werror=sequence-point -Wformat -Werror=format-security -Wmissing-declarations -Wmissing-prototypes -Wstrict-prototypes -Wundef -Winit-self -Wpointer-arith -Wshadow -Wuninitialized  -Wsuggest-override'
===== BUILD LOG =====
Change Dir: /home/jakob/Documents/Hackathon/lent21/build/CMakeFiles/CMakeTmp

Run Build Command(s):/usr/bin/make cmTC_32e6d/fast && /usr/bin/make -f CMakeFiles/cmTC_32e6d.dir/build.make CMakeFiles/cmTC_32e6d.dir/build
make[1]: Entering directory '/home/jakob/Documents/Hackathon/lent21/build/CMakeFiles/CMakeTmp'
Building C object CMakeFiles/cmTC_32e6d.dir/src.c.o
/usr/bin/cc   -O3 -DNDEBUG -fPIE    -fsigned-char -W -Wall -Werror=return-type -Werror=address -Werror=sequence-point -Wformat -Werror=format-security -Wmissing-declarations -Wmissing-prototypes -Wstrict-prototypes -Wundef -Winit-self -Wpointer-arith -Wshadow -Wuninitialized  -Wsuggest-override -o CMakeFiles/cmTC_32e6d.dir/src.c.o   -c /home/jakob/Documents/Hackathon/lent21/build/CMakeFiles/CMakeTmp/src.c
cc1: warning: command line option ‘-Wsuggest-override’ is valid for C++/ObjC++ but not for C
/home/jakob/Documents/Hackathon/lent21/build/CMakeFiles/CMakeTmp/src.c:1: warning: ignoring #pragma   [-Wunknown-pragmas]
    1 | #pragma
      | 
Linking C executable cmTC_32e6d
/usr/bin/cmake -E cmake_link_script CMakeFiles/cmTC_32e6d.dir/link.txt --verbose=1
/usr/bin/cc   -O3 -DNDEBUG    CMakeFiles/cmTC_32e6d.dir/src.c.o  -o cmTC_32e6d 
make[1]: Leaving directory '/home/jakob/Documents/Hackathon/lent21/build/CMakeFiles/CMakeTmp'


===== END =====

Build output check failed:
    Regex: 'command[- ]line option .* is valid for .* but not for C'
    Output line: 'cc1: warning: command line option ‘-Wno-delete-non-virtual-dtor’ is valid for C++/ObjC++ but not for C'
Compilation failed:
    source file: '/home/jakob/Documents/Hackathon/lent21/build/CMakeFiles/CMakeTmp/src.c'
    check option: ' -fsigned-char -W -Wall -Werror=return-type -Werror=address -Werror=sequence-point -Wformat -Werror=format-security -Wmissing-declarations -Wmissing-prototypes -Wstrict-prototypes -Wundef -Winit-self -Wpointer-arith -Wshadow -Wuninitialized  -Wno-delete-non-virtual-dtor'
===== BUILD LOG =====
Change Dir: /home/jakob/Documents/Hackathon/lent21/build/CMakeFiles/CMakeTmp

Run Build Command(s):/usr/bin/make cmTC_e03f7/fast && /usr/bin/make -f CMakeFiles/cmTC_e03f7.dir/build.make CMakeFiles/cmTC_e03f7.dir/build
make[1]: Entering directory '/home/jakob/Documents/Hackathon/lent21/build/CMakeFiles/CMakeTmp'
Building C object CMakeFiles/cmTC_e03f7.dir/src.c.o
/usr/bin/cc   -O3 -DNDEBUG -fPIE    -fsigned-char -W -Wall -Werror=return-type -Werror=address -Werror=sequence-point -Wformat -Werror=format-security -Wmissing-declarations -Wmissing-prototypes -Wstrict-prototypes -Wundef -Winit-self -Wpointer-arith -Wshadow -Wuninitialized  -Wno-delete-non-virtual-dtor -o CMakeFiles/cmTC_e03f7.dir/src.c.o   -c /home/jakob/Documents/Hackathon/lent21/build/CMakeFiles/CMakeTmp/src.c
cc1: warning: command line option ‘-Wno-delete-non-virtual-dtor’ is valid for C++/ObjC++ but not for C
/home/jakob/Documents/Hackathon/lent21/build/CMakeFiles/CMakeTmp/src.c:1: warning: ignoring #pragma   [-Wunknown-pragmas]
    1 | #pragma
      | 
Linking C executable cmTC_e03f7
/usr/bin/cmake -E cmake_link_script CMakeFiles/cmTC_e03f7.dir/link.txt --verbose=1
/usr/bin/cc   -O3 -DNDEBUG    CMakeFiles/cmTC_e03f7.dir/src.c.o  -o cmTC_e03f7 
make[1]: Leaving directory '/home/jakob/Documents/Hackathon/lent21/build/CMakeFiles/CMakeTmp'


===== END =====

Build output check failed:
    Regex: 'unrecognized .*option'
    Output line: 'cc1plus: warning: unrecognized command line option ‘-Wno-unnamed-type-template-args’'
Compilation failed:
    source file: '/home/jakob/Documents/Hackathon/lent21/build/CMakeFiles/CMakeTmp/src.cxx'
    check option: ' -fsigned-char -W -Wall -Werror=return-type -Werror=non-virtual-dtor -Werror=address -Werror=sequence-point -Wformat -Werror=format-security -Wmissing-declarations -Wundef -Winit-self -Wpointer-arith -Wshadow -Wsign-promo -Wuninitialized -Wsuggest-override -Wno-delete-non-virtual-dtor  -Wno-unnamed-type-template-args'
===== BUILD LOG =====
Change Dir: /home/jakob/Documents/Hackathon/lent21/build/CMakeFiles/CMakeTmp

Run Build Command(s):/usr/bin/make cmTC_9376f/fast && /usr/bin/make -f CMakeFiles/cmTC_9376f.dir/build.make CMakeFiles/cmTC_9376f.dir/build
make[1]: Entering directory '/home/jakob/Documents/Hackathon/lent21/build/CMakeFiles/CMakeTmp'
Building CXX object CMakeFiles/cmTC_9376f.dir/src.cxx.o
/usr/bin/c++    -O3 -DNDEBUG -fPIE    -fsigned-char -W -Wall -Werror=return-type -Werror=non-virtual-dtor -Werror=address -Werror=sequence-point -Wformat -Werror=format-security -Wmissing-declarations -Wundef -Winit-self -Wpointer-arith -Wshadow -Wsign-promo -Wuninitialized -Wsuggest-override -Wno-delete-non-virtual-dtor  -Wno-unnamed-type-template-args -std=c++11 -o CMakeFiles/cmTC_9376f.dir/src.cxx.o -c /home/jakob/Documents/Hackathon/lent21/build/CMakeFiles/CMakeTmp/src.cxx
/home/jakob/Documents/Hackathon/lent21/build/CMakeFiles/CMakeTmp/src.cxx:1: warning: ignoring #pragma   [-Wunknown-pragmas]
    1 | #pragma
      | 
cc1plus: warning: unrecognized command line option ‘-Wno-unnamed-type-template-args’
Linking CXX executable cmTC_9376f
/usr/bin/cmake -E cmake_link_script CMakeFiles/cmTC_9376f.dir/link.txt --verbose=1
/usr/bin/c++    -O3 -DNDEBUG    CMakeFiles/cmTC_9376f.dir/src.cxx.o  -o cmTC_9376f 
make[1]: Leaving directory '/home/jakob/Documents/Hackathon/lent21/build/CMakeFiles/CMakeTmp'


===== END =====

Build output check failed:
    Regex: 'unrecognized .*option'
    Output line: 'cc1: warning: unrecognized command line option ‘-Wno-unnamed-type-template-args’'
Compilation failed:
    source file: '/home/jakob/Documents/Hackathon/lent21/build/CMakeFiles/CMakeTmp/src.c'
    check option: ' -fsigned-char -W -Wall -Werror=return-type -Werror=address -Werror=sequence-point -Wformat -Werror=format-security -Wmissing-declarations -Wmissing-prototypes -Wstrict-prototypes -Wundef -Winit-self -Wpointer-arith -Wshadow -Wuninitialized  -Wno-unnamed-type-template-args'
===== BUILD LOG =====
Change Dir: /home/jakob/Documents/Hackathon/lent21/build/CMakeFiles/CMakeTmp

Run Build Command(s):/usr/bin/make cmTC_1f83c/fast && /usr/bin/make -f CMakeFiles/cmTC_1f83c.dir/build.make CMakeFiles/cmTC_1f83c.dir/build
make[1]: Entering directory '/home/jakob/Documents/Hackathon/lent21/build/CMakeFiles/CMakeTmp'
Building C object CMakeFiles/cmTC_1f83c.dir/src.c.o
/usr/bin/cc   -O3 -DNDEBUG -fPIE    -fsigned-char -W -Wall -Werror=return-type -Werror=address -Werror=sequence-point -Wformat -Werror=format-security -Wmissing-declarations -Wmissing-prototypes -Wstrict-prototypes -Wundef -Winit-self -Wpointer-arith -Wshadow -Wuninitialized  -Wno-unnamed-type-template-args -o CMakeFiles/cmTC_1f83c.dir/src.c.o   -c /home/jakob/Documents/Hackathon/lent21/build/CMakeFiles/CMakeTmp/src.c
/home/jakob/Documents/Hackathon/lent21/build/CMakeFiles/CMakeTmp/src.c:1: warning: ignoring #pragma   [-Wunknown-pragmas]
    1 | #pragma
      | 
cc1: warning: unrecognized command line option ‘-Wno-unnamed-type-template-args’
Linking C executable cmTC_1f83c
/usr/bin/cmake -E cmake_link_script CMakeFiles/cmTC_1f83c.dir/link.txt --verbose=1
/usr/bin/cc   -O3 -DNDEBUG    CMakeFiles/cmTC_1f83c.dir/src.c.o  -o cmTC_1f83c 
make[1]: Leaving directory '/home/jakob/Documents/Hackathon/lent21/build/CMakeFiles/CMakeTmp'


===== END =====

Build output check failed:
    Regex: 'command[- ]line option .* is valid for .* but not for C'
    Output line: 'cc1: warning: command line option ‘-fvisibility-inlines-hidden’ is valid for C++/ObjC++ but not for C'
Compilation failed:
    source file: '/home/jakob/Documents/Hackathon/lent21/build/CMakeFiles/CMakeTmp/src.c'
    check option: ' -fsigned-char -W -Wall -Werror=return-type -Werror=address -Werror=sequence-point -Wformat -Werror=format-security -Wmissing-declarations -Wmissing-prototypes -Wstrict-prototypes -Wundef -Winit-self -Wpointer-arith -Wshadow -Wuninitialized -Wno-comment -Wimplicit-fallthrough=3 -Wno-strict-overflow -fdiagnostics-show-option -Wno-long-long -pthread -fomit-frame-pointer -ffunction-sections -fdata-sections  -msse -msse2 -msse3 -fvisibility=hidden  -fvisibility-inlines-hidden'
===== BUILD LOG =====
Change Dir: /home/jakob/Documents/Hackathon/lent21/build/CMakeFiles/CMakeTmp

Run Build Command(s):/usr/bin/make cmTC_7fa6f/fast && /usr/bin/make -f CMakeFiles/cmTC_7fa6f.dir/build.make CMakeFiles/cmTC_7fa6f.dir/build
make[1]: Entering directory '/home/jakob/Documents/Hackathon/lent21/build/CMakeFiles/CMakeTmp'
Building C object CMakeFiles/cmTC_7fa6f.dir/src.c.o
/usr/bin/cc   -O3 -DNDEBUG -fPIE    -fsigned-char -W -Wall -Werror=return-type -Werror=address -Werror=sequence-point -Wformat -Werror=format-security -Wmissing-declarations -Wmissing-prototypes -Wstrict-prototypes -Wundef -Winit-self -Wpointer-arith -Wshadow -Wuninitialized -Wno-comment -Wimplicit-fallthrough=3 -Wno-strict-overflow -fdiagnostics-show-option -Wno-long-long -pthread -fomit-frame-pointer -ffunction-sections -fdata-sections  -msse -msse2 -msse3 -fvisibility=hidden  -fvisibility-inlines-hidden -o CMakeFiles/cmTC_7fa6f.dir/src.c.o   -c /home/jakob/Documents/Hackathon/lent21/build/CMakeFiles/CMakeTmp/src.c
cc1: warning: command line option ‘-fvisibility-inlines-hidden’ is valid for C++/ObjC++ but not for C
/home/jakob/Documents/Hackathon/lent21/build/CMakeFiles/CMakeTmp/src.c:1: warning: ignoring #pragma   [-Wunknown-pragmas]
    1 | #pragma
      | 
Linking C executable cmTC_7fa6f
/usr/bin/cmake -E cmake_link_script CMakeFiles/cmTC_7fa6f.dir/link.txt --verbose=1
/usr/bin/cc   -O3 -DNDEBUG    CMakeFiles/cmTC_7fa6f.dir/src.c.o  -o cmTC_7fa6f 
make[1]: Leaving directory '/home/jakob/Documents/Hackathon/lent21/build/CMakeFiles/CMakeTmp'


===== END =====

Build output check failed:
    Regex: 'unrecognized .*option'
    Output line: 'cc1: warning: unrecognized command line option ‘-Wno-implicit-const-int-float-conversion’'
Compilation failed:
    source file: '/home/jakob/Documents/Hackathon/lent21/build/CMakeFiles/CMakeTmp/src.c'
    check option: ' -Wno-implicit-const-int-float-conversion'
===== BUILD LOG =====
Change Dir: /home/jakob/Documents/Hackathon/lent21/build/CMakeFiles/CMakeTmp

Run Build Command(s):/usr/bin/make cmTC_52314/fast && /usr/bin/make -f CMakeFiles/cmTC_52314.dir/build.make CMakeFiles/cmTC_52314.dir/build
make[1]: Entering directory '/home/jakob/Documents/Hackathon/lent21/build/CMakeFiles/CMakeTmp'
Building C object CMakeFiles/cmTC_52314.dir/src.c.o
/usr/bin/cc   -fsigned-char -W -Wall -Werror=return-type -Werror=address -Werror=sequence-point -Wformat -Werror=format-security -Wmissing-declarations -Wmissing-prototypes -Wstrict-prototypes -Wundef -Winit-self -Wpointer-arith -Wshadow -Wuninitialized -Wno-comment -Wimplicit-fallthrough=3 -Wno-strict-overflow -fdiagnostics-show-option -Wno-long-long -pthread -fomit-frame-pointer -ffunction-sections -fdata-sections  -msse -msse2 -msse3 -fvisibility=hidden  -O3 -DNDEBUG  -DNDEBUG -fPIE    -Wno-implicit-const-int-float-conversion -o CMakeFiles/cmTC_52314.dir/src.c.o   -c /home/jakob/Documents/Hackathon/lent21/build/CMakeFiles/CMakeTmp/src.c
/home/jakob/Documents/Hackathon/lent21/build/CMakeFiles/CMakeTmp/src.c:1: warning: ignoring #pragma   [-Wunknown-pragmas]
    1 | #pragma
      | 
cc1: warning: unrecognized command line option ‘-Wno-implicit-const-int-float-conversion’
Linking C executable cmTC_52314
/usr/bin/cmake -E cmake_link_script CMakeFiles/cmTC_52314.dir/link.txt --verbose=1
/usr/bin/cc    -fsigned-char -W -Wall -Werror=return-type -Werror=address -Werror=sequence-point -Wformat -Werror=format-security -Wmissing-declarations -Wmissing-prototypes -Wstrict-prototypes -Wundef -Winit-self -Wpointer-arith -Wshadow -Wuninitialized -Wno-comment -Wimplicit-fallthrough=3 -Wno-strict-overflow -fdiagnostics-show-option -Wno-long-long -pthread -fomit-frame-pointer -ffunction-sections -fdata-sections  -msse -msse2 -msse3 -fvisibility=hidden  -O3 -DNDEBUG  -DNDEBUG    -Wl,--gc-sections -Wl,--as-needed  CMakeFiles/cmTC_52314.dir/src.c.o  -o cmTC_52314 
make[1]: Leaving directory '/home/jakob/Documents/Hackathon/lent21/build/CMakeFiles/CMakeTmp'


===== END =====

Determining if the _aligned_malloc exist failed with the following output:
Change Dir: /home/jakob/Documents/Hackathon/lent21/build/CMakeFiles/CMakeTmp

Run Build Command(s):/usr/bin/make cmTC_d236a/fast && /usr/bin/make -f CMakeFiles/cmTC_d236a.dir/build.make CMakeFiles/cmTC_d236a.dir/build
make[1]: Entering directory '/home/jakob/Documents/Hackathon/lent21/build/CMakeFiles/CMakeTmp'
Building C object CMakeFiles/cmTC_d236a.dir/CheckSymbolExists.c.o
/usr/bin/cc   -fsigned-char -W -Wall -Werror=return-type -Werror=address -Werror=sequence-point -Wformat -Werror=format-security -Wmissing-declarations -Wmissing-prototypes -Wstrict-prototypes -Wundef -Winit-self -Wpointer-arith -Wshadow -Wuninitialized -Wno-comment -Wimplicit-fallthrough=3 -Wno-strict-overflow -fdiagnostics-show-option -Wno-long-long -pthread -fomit-frame-pointer -ffunction-sections -fdata-sections  -msse -msse2 -msse3 -fvisibility=hidden  -O3 -DNDEBUG  -DNDEBUG -fPIE   -o CMakeFiles/cmTC_d236a.dir/CheckSymbolExists.c.o   -c /home/jakob/Documents/Hackathon/lent21/build/CMakeFiles/CMakeTmp/CheckSymbolExists.c
/home/jakob/Documents/Hackathon/lent21/build/CMakeFiles/CMakeTmp/CheckSymbolExists.c: In function ‘main’:
/home/jakob/Documents/Hackathon/lent21/build/CMakeFiles/CMakeTmp/CheckSymbolExists.c:8:19: error: ‘_aligned_malloc’ undeclared (first use in this function)
    8 |   return ((int*)(&_aligned_malloc))[argc];
      |                   ^~~~~~~~~~~~~~~
/home/jakob/Documents/Hackathon/lent21/build/CMakeFiles/CMakeTmp/CheckSymbolExists.c:8:19: note: each undeclared identifier is reported only once for each function it appears in
/home/jakob/Documents/Hackathon/lent21/build/CMakeFiles/CMakeTmp/CheckSymbolExists.c:4:14: warning: parameter ‘argc’ set but not used [-Wunused-but-set-parameter]
    4 | int main(int argc, char** argv)
      |          ~~~~^~~~
make[1]: *** [CMakeFiles/cmTC_d236a.dir/build.make:66: CMakeFiles/cmTC_d236a.dir/CheckSymbolExists.c.o] Error 1
make[1]: Leaving directory '/home/jakob/Documents/Hackathon/lent21/build/CMakeFiles/CMakeTmp'
make: *** [Makefile:121: cmTC_d236a/fast] Error 2


File /home/jakob/Documents/Hackathon/lent21/build/CMakeFiles/CMakeTmp/CheckSymbolExists.c:
/* */
#include <malloc.h>

int main(int argc, char** argv)
{
  (void)argv;
#ifndef _aligned_malloc
  return ((int*)(&_aligned_malloc))[argc];
#else
  (void)argc;
  return 0;
#endif
}
Determining if the function sgemm_ exists failed with the following output:
Change Dir: /home/jakob/Documents/Hackathon/lent21/build/CMakeFiles/CMakeTmp

Run Build Command(s):/usr/bin/make cmTC_ce377/fast && /usr/bin/make -f CMakeFiles/cmTC_ce377.dir/build.make CMakeFiles/cmTC_ce377.dir/build
make[1]: Entering directory '/home/jakob/Documents/Hackathon/lent21/build/CMakeFiles/CMakeTmp'
Building C object CMakeFiles/cmTC_ce377.dir/CheckFunctionExists.c.o
/usr/bin/cc   -fsigned-char -W -Wall -Werror=return-type -Werror=address -Werror=sequence-point -Wformat -Werror=format-security -Wmissing-declarations -Wmissing-prototypes -Wstrict-prototypes -Wundef -Winit-self -Wpointer-arith -Wshadow -Wuninitialized -Wno-comment -Wimplicit-fallthrough=3 -Wno-strict-overflow -fdiagnostics-show-option -Wno-long-long -pthread -fomit-frame-pointer -ffunction-sections -fdata-sections  -msse -msse2 -msse3 -fvisibility=hidden -DCHECK_FUNCTION_EXISTS=sgemm_ -O3 -DNDEBUG  -DNDEBUG -fPIE   -o CMakeFiles/cmTC_ce377.dir/CheckFunctionExists.c.o   -c /usr/share/cmake-3.16/Modules/CheckFunctionExists.c
Linking C executable cmTC_ce377
/usr/bin/cmake -E cmake_link_script CMakeFiles/cmTC_ce377.dir/link.txt --verbose=1
/usr/bin/cc    -fsigned-char -W -Wall -Werror=return-type -Werror=address -Werror=sequence-point -Wformat -Werror=format-security -Wmissing-declarations -Wmissing-prototypes -Wstrict-prototypes -Wundef -Winit-self -Wpointer-arith -Wshadow -Wuninitialized -Wno-comment -Wimplicit-fallthrough=3 -Wno-strict-overflow -fdiagnostics-show-option -Wno-long-long -pthread -fomit-frame-pointer -ffunction-sections -fdata-sections  -msse -msse2 -msse3 -fvisibility=hidden -DCHECK_FUNCTION_EXISTS=sgemm_ -O3 -DNDEBUG  -DNDEBUG    -Wl,--gc-sections -Wl,--as-needed  CMakeFiles/cmTC_ce377.dir/CheckFunctionExists.c.o  -o cmTC_ce377 
/usr/bin/ld: CMakeFiles/cmTC_ce377.dir/CheckFunctionExists.c.o: in function `main':
CheckFunctionExists.c:(.text.startup.main+0x10): undefined reference to `sgemm_'
collect2: error: ld returned 1 exit status
make[1]: *** [CMakeFiles/cmTC_ce377.dir/build.make:87: cmTC_ce377] Error 1
make[1]: Leaving directory '/home/jakob/Documents/Hackathon/lent21/build/CMakeFiles/CMakeTmp'
make: *** [Makefile:121: cmTC_ce377/fast] Error 2



Determining if the function cheev_ exists failed with the following output:
Change Dir: /home/jakob/Documents/Hackathon/lent21/build/CMakeFiles/CMakeTmp

Run Build Command(s):/usr/bin/make cmTC_b2f1b/fast && /usr/bin/make -f CMakeFiles/cmTC_b2f1b.dir/build.make CMakeFiles/cmTC_b2f1b.dir/build
make[1]: Entering directory '/home/jakob/Documents/Hackathon/lent21/build/CMakeFiles/CMakeTmp'
Building C object CMakeFiles/cmTC_b2f1b.dir/CheckFunctionExists.c.o
/usr/bin/cc   -fsigned-char -W -Wall -Werror=return-type -Werror=address -Werror=sequence-point -Wformat -Werror=format-security -Wmissing-declarations -Wmissing-prototypes -Wstrict-prototypes -Wundef -Winit-self -Wpointer-arith -Wshadow -Wuninitialized -Wno-comment -Wimplicit-fallthrough=3 -Wno-strict-overflow -fdiagnostics-show-option -Wno-long-long -pthread -fomit-frame-pointer -ffunction-sections -fdata-sections  -msse -msse2 -msse3 -fvisibility=hidden -DCHECK_FUNCTION_EXISTS=cheev_ -O3 -DNDEBUG  -DNDEBUG -fPIE   -o CMakeFiles/cmTC_b2f1b.dir/CheckFunctionExists.c.o   -c /usr/share/cmake-3.16/Modules/CheckFunctionExists.c
Linking C executable cmTC_b2f1b
/usr/bin/cmake -E cmake_link_script CMakeFiles/cmTC_b2f1b.dir/link.txt --verbose=1
/usr/bin/cc    -fsigned-char -W -Wall -Werror=return-type -Werror=address -Werror=sequence-point -Wformat -Werror=format-security -Wmissing-declarations -Wmissing-prototypes -Wstrict-prototypes -Wundef -Winit-self -Wpointer-arith -Wshadow -Wuninitialized -Wno-comment -Wimplicit-fallthrough=3 -Wno-strict-overflow -fdiagnostics-show-option -Wno-long-long -pthread -fomit-frame-pointer -ffunction-sections -fdata-sections  -msse -msse2 -msse3 -fvisibility=hidden -DCHECK_FUNCTION_EXISTS=cheev_ -O3 -DNDEBUG  -DNDEBUG    -Wl,--gc-sections -Wl,--as-needed  CMakeFiles/cmTC_b2f1b.dir/CheckFunctionExists.c.o  -o cmTC_b2f1b  /usr/lib/x86_64-linux-gnu/libf77blas.so /usr/lib/x86_64-linux-gnu/libatlas.so 
/usr/bin/ld: CMakeFiles/cmTC_b2f1b.dir/CheckFunctionExists.c.o: in function `main':
CheckFunctionExists.c:(.text.startup.main+0x10): undefined reference to `cheev_'
collect2: error: ld returned 1 exit status
make[1]: *** [CMakeFiles/cmTC_b2f1b.dir/build.make:89: cmTC_b2f1b] Error 1
make[1]: Leaving directory '/home/jakob/Documents/Hackathon/lent21/build/CMakeFiles/CMakeTmp'
make: *** [Makefile:121: cmTC_b2f1b/fast] Error 2



Build output check failed:
    Regex: 'command[- ]line option .* is valid for .* but not for C\+\+'
    Output line: 'cc1plus: warning: command line option ‘-Wno-missing-prototypes’ is valid for C/ObjC but not for C++'
Compilation failed:
    source file: '/home/jakob/Documents/Hackathon/lent21/build/CMakeFiles/CMakeTmp/src.cxx'
    check option: ' -Wno-missing-prototypes'
===== BUILD LOG =====
Change Dir: /home/jakob/Documents/Hackathon/lent21/build/CMakeFiles/CMakeTmp

Run Build Command(s):/usr/bin/make cmTC_a50f1/fast && /usr/bin/make -f CMakeFiles/cmTC_a50f1.dir/build.make CMakeFiles/cmTC_a50f1.dir/build
make[1]: Entering directory '/home/jakob/Documents/Hackathon/lent21/build/CMakeFiles/CMakeTmp'
Building CXX object CMakeFiles/cmTC_a50f1.dir/src.cxx.o
/usr/bin/c++    -fsigned-char -W -Wall -Werror=return-type -Werror=non-virtual-dtor -Werror=address -Werror=sequence-point -Wformat -Werror=format-security -Wmissing-declarations -Wundef -Winit-self -Wpointer-arith -Wshadow -Wsign-promo -Wuninitialized -Wsuggest-override -Wno-delete-non-virtual-dtor -Wno-comment -Wimplicit-fallthrough=3 -Wno-strict-overflow -fdiagnostics-show-option -Wno-long-long -pthread -fomit-frame-pointer -ffunction-sections -fdata-sections  -msse -msse2 -msse3 -fvisibility=hidden -fvisibility-inlines-hidden -Wno-deprecated  -O3 -DNDEBUG  -DNDEBUG -fPIE    -Wno-missing-prototypes -std=c++11 -o CMakeFiles/cmTC_a50f1.dir/src.cxx.o -c /home/jakob/Documents/Hackathon/lent21/build/CMakeFiles/CMakeTmp/src.cxx
cc1plus: warning: command line option ‘-Wno-missing-prototypes’ is valid for C/ObjC but not for C++
/home/jakob/Documents/Hackathon/lent21/build/CMakeFiles/CMakeTmp/src.cxx:1: warning: ignoring #pragma   [-Wunknown-pragmas]
    1 | #pragma
      | 
Linking CXX executable cmTC_a50f1
/usr/bin/cmake -E cmake_link_script CMakeFiles/cmTC_a50f1.dir/link.txt --verbose=1
/usr/bin/c++     -fsigned-char -W -Wall -Werror=return-type -Werror=non-virtual-dtor -Werror=address -Werror=sequence-point -Wformat -Werror=format-security -Wmissing-declarations -Wundef -Winit-self -Wpointer-arith -Wshadow -Wsign-promo -Wuninitialized -Wsuggest-override -Wno-delete-non-virtual-dtor -Wno-comment -Wimplicit-fallthrough=3 -Wno-strict-overflow -fdiagnostics-show-option -Wno-long-long -pthread -fomit-frame-pointer -ffunction-sections -fdata-sections  -msse -msse2 -msse3 -fvisibility=hidden -fvisibility-inlines-hidden -Wno-deprecated  -O3 -DNDEBUG  -DNDEBUG    -Wl,--gc-sections -Wl,--as-needed  CMakeFiles/cmTC_a50f1.dir/src.cxx.o  -o cmTC_a50f1 
make[1]: Leaving directory '/home/jakob/Documents/Hackathon/lent21/build/CMakeFiles/CMakeTmp'


===== END =====

Build output check failed:
    Regex: 'unrecognized .*option'
    Output line: 'cc1plus: warning: unrecognized command line option ‘-Wno-tautological-undefined-compare’'
Compilation failed:
    source file: '/home/jakob/Documents/Hackathon/lent21/build/CMakeFiles/CMakeTmp/src.cxx'
    check option: ' -Wno-tautological-undefined-compare'
===== BUILD LOG =====
Change Dir: /home/jakob/Documents/Hackathon/lent21/build/CMakeFiles/CMakeTmp

Run Build Command(s):/usr/bin/make cmTC_56e80/fast && /usr/bin/make -f CMakeFiles/cmTC_56e80.dir/build.make CMakeFiles/cmTC_56e80.dir/build
make[1]: Entering directory '/home/jakob/Documents/Hackathon/lent21/build/CMakeFiles/CMakeTmp'
Building CXX object CMakeFiles/cmTC_56e80.dir/src.cxx.o
/usr/bin/c++    -fsigned-char -W -Wall -Werror=return-type -Werror=non-virtual-dtor -Werror=address -Werror=sequence-point -Wformat -Werror=format-security -Winit-self -Wpointer-arith -Wuninitialized -Wsuggest-override -Wno-delete-non-virtual-dtor -Wno-comment -Wimplicit-fallthrough=3 -Wno-strict-overflow -fdiagnostics-show-option -Wno-long-long -pthread -fomit-frame-pointer -ffunction-sections -fdata-sections  -msse -msse2 -msse3 -fvisibility=hidden -fvisibility-inlines-hidden -Wno-deprecated -Wno-missing-declarations -Wno-shadow -Wno-unused-parameter -Wno-unused-local-typedefs -Wno-sign-compare -Wno-sign-promo -Wno-undef  -O3 -DNDEBUG  -DNDEBUG -fPIE    -Wno-tautological-undefined-compare -std=c++11 -o CMakeFiles/cmTC_56e80.dir/src.cxx.o -c /home/jakob/Documents/Hackathon/lent21/build/CMakeFiles/CMakeTmp/src.cxx
/home/jakob/Documents/Hackathon/lent21/build/CMakeFiles/CMakeTmp/src.cxx:1: warning: ignoring #pragma   [-Wunknown-pragmas]
    1 | #pragma
      | 
cc1plus: warning: unrecognized command line option ‘-Wno-tautological-undefined-compare’
Linking CXX executable cmTC_56e80
/usr/bin/cmake -E cmake_link_script CMakeFiles/cmTC_56e80.dir/link.txt --verbose=1
/usr/bin/c++     -fsigned-char -W -Wall -Werror=return-type -Werror=non-virtual-dtor -Werror=address -Werror=sequence-point -Wformat -Werror=format-security -Winit-self -Wpointer-arith -Wuninitialized -Wsuggest-override -Wno-delete-non-virtual-dtor -Wno-comment -Wimplicit-fallthrough=3 -Wno-strict-overflow -fdiagnostics-show-option -Wno-long-long -pthread -fomit-frame-pointer -ffunction-sections -fdata-sections  -msse -msse2 -msse3 -fvisibility=hidden -fvisibility-inlines-hidden -Wno-deprecated -Wno-missing-declarations -Wno-shadow -Wno-unused-parameter -Wno-unused-local-typedefs -Wno-sign-compare -Wno-sign-promo -Wno-undef  -O3 -DNDEBUG  -DNDEBUG    -Wl,--gc-sections -Wl,--as-needed  CMakeFiles/cmTC_56e80.dir/src.cxx.o  -o cmTC_56e80 
make[1]: Leaving directory '/home/jakob/Documents/Hackathon/lent21/build/CMakeFiles/CMakeTmp'


===== END =====

Build output check failed:
    Regex: 'unrecognized .*option'
    Output line: 'cc1plus: warning: unrecognized command line option ‘-Wno-shorten-64-to-32’'
Compilation failed:
    source file: '/home/jakob/Documents/Hackathon/lent21/build/CMakeFiles/CMakeTmp/src.cxx'
    check option: ' -Wno-shorten-64-to-32'
===== BUILD LOG =====
Change Dir: /home/jakob/Documents/Hackathon/lent21/build/CMakeFiles/CMakeTmp

Run Build Command(s):/usr/bin/make cmTC_61d4b/fast && /usr/bin/make -f CMakeFiles/cmTC_61d4b.dir/build.make CMakeFiles/cmTC_61d4b.dir/build
make[1]: Entering directory '/home/jakob/Documents/Hackathon/lent21/build/CMakeFiles/CMakeTmp'
Building CXX object CMakeFiles/cmTC_61d4b.dir/src.cxx.o
/usr/bin/c++    -fsigned-char -W -Wall -Werror=return-type -Werror=non-virtual-dtor -Werror=address -Werror=sequence-point -Wformat -Werror=format-security -Winit-self -Wpointer-arith -Wuninitialized -Wsuggest-override -Wno-delete-non-virtual-dtor -Wno-comment -Wimplicit-fallthrough=3 -Wno-strict-overflow -fdiagnostics-show-option -Wno-long-long -pthread -fomit-frame-pointer -ffunction-sections -fdata-sections  -msse -msse2 -msse3 -fvisibility=hidden -fvisibility-inlines-hidden -Wno-deprecated -Wno-missing-declarations -Wno-shadow -Wno-unused-parameter -Wno-unused-local-typedefs -Wno-sign-compare -Wno-sign-promo -Wno-undef -Wno-ignored-qualifiers -Wno-extra -Wno-unused-function -Wno-unused-const-variable  -O3 -DNDEBUG  -DNDEBUG -fPIE    -Wno-shorten-64-to-32 -std=c++11 -o CMakeFiles/cmTC_61d4b.dir/src.cxx.o -c /home/jakob/Documents/Hackathon/lent21/build/CMakeFiles/CMakeTmp/src.cxx
/home/jakob/Documents/Hackathon/lent21/build/CMakeFiles/CMakeTmp/src.cxx:1: warning: ignoring #pragma   [-Wunknown-pragmas]
    1 | #pragma
      | 
cc1plus: warning: unrecognized command line option ‘-Wno-shorten-64-to-32’
Linking CXX executable cmTC_61d4b
/usr/bin/cmake -E cmake_link_script CMakeFiles/cmTC_61d4b.dir/link.txt --verbose=1
/usr/bin/c++     -fsigned-char -W -Wall -Werror=return-type -Werror=non-virtual-dtor -Werror=address -Werror=sequence-point -Wformat -Werror=format-security -Winit-self -Wpointer-arith -Wuninitialized -Wsuggest-override -Wno-delete-non-virtual-dtor -Wno-comment -Wimplicit-fallthrough=3 -Wno-strict-overflow -fdiagnostics-show-option -Wno-long-long -pthread -fomit-frame-pointer -ffunction-sections -fdata-sections  -msse -msse2 -msse3 -fvisibility=hidden -fvisibility-inlines-hidden -Wno-deprecated -Wno-missing-declarations -Wno-shadow -Wno-unused-parameter -Wno-unused-local-typedefs -Wno-sign-compare -Wno-sign-promo -Wno-undef -Wno-ignored-qualifiers -Wno-extra -Wno-unused-function -Wno-unused-const-variable  -O3 -DNDEBUG  -DNDEBUG    -Wl,--gc-sections -Wl,--as-needed  CMakeFiles/cmTC_61d4b.dir/src.cxx.o  -o cmTC_61d4b 
make[1]: Leaving directory '/home/jakob/Documents/Hackathon/lent21/build/CMakeFiles/CMakeTmp'


===== END =====

Build output check failed:
    Regex: 'unrecognized .*option'
    Output line: 'cc1plus: warning: unrecognized command line option ‘-Wno-enum-compare-switch’'
Compilation failed:
    source file: '/home/jakob/Documents/Hackathon/lent21/build/CMakeFiles/CMakeTmp/src.cxx'
    check option: ' -Wno-enum-compare-switch'
===== BUILD LOG =====
Change Dir: /home/jakob/Documents/Hackathon/lent21/build/CMakeFiles/CMakeTmp

Run Build Command(s):/usr/bin/make cmTC_25afc/fast && /usr/bin/make -f CMakeFiles/cmTC_25afc.dir/build.make CMakeFiles/cmTC_25afc.dir/build
make[1]: Entering directory '/home/jakob/Documents/Hackathon/lent21/build/CMakeFiles/CMakeTmp'
Building CXX object CMakeFiles/cmTC_25afc.dir/src.cxx.o
/usr/bin/c++    -fsigned-char -W -Wall -Werror=return-type -Werror=non-virtual-dtor -Werror=address -Werror=sequence-point -Wformat -Werror=format-security -Winit-self -Wpointer-arith -Wuninitialized -Wsuggest-override -Wno-delete-non-virtual-dtor -Wno-comment -Wimplicit-fallthrough=3 -Wno-strict-overflow -fdiagnostics-show-option -Wno-long-long -pthread -fomit-frame-pointer -ffunction-sections -fdata-sections  -msse -msse2 -msse3 -fvisibility=hidden -fvisibility-inlines-hidden -Wno-deprecated -Wno-missing-declarations -Wno-shadow -Wno-unused-parameter -Wno-unused-local-typedefs -Wno-sign-compare -Wno-sign-promo -Wno-undef -Wno-ignored-qualifiers -Wno-extra -Wno-unused-function -Wno-unused-const-variable -Wno-invalid-offsetof  -O3 -DNDEBUG  -DNDEBUG -fPIE    -Wno-enum-compare-switch -std=c++11 -o CMakeFiles/cmTC_25afc.dir/src.cxx.o -c /home/jakob/Documents/Hackathon/lent21/build/CMakeFiles/CMakeTmp/src.cxx
/home/jakob/Documents/Hackathon/lent21/build/CMakeFiles/CMakeTmp/src.cxx:1: warning: ignoring #pragma   [-Wunknown-pragmas]
    1 | #pragma
      | 
cc1plus: warning: unrecognized command line option ‘-Wno-enum-compare-switch’
Linking CXX executable cmTC_25afc
/usr/bin/cmake -E cmake_link_script CMakeFiles/cmTC_25afc.dir/link.txt --verbose=1
/usr/bin/c++     -fsigned-char -W -Wall -Werror=return-type -Werror=non-virtual-dtor -Werror=address -Werror=sequence-point -Wformat -Werror=format-security -Winit-self -Wpointer-arith -Wuninitialized -Wsuggest-override -Wno-delete-non-virtual-dtor -Wno-comment -Wimplicit-fallthrough=3 -Wno-strict-overflow -fdiagnostics-show-option -Wno-long-long -pthread -fomit-frame-pointer -ffunction-sections -fdata-sections  -msse -msse2 -msse3 -fvisibility=hidden -fvisibility-inlines-hidden -Wno-deprecated -Wno-missing-declarations -Wno-shadow -Wno-unused-parameter -Wno-unused-local-typedefs -Wno-sign-compare -Wno-sign-promo -Wno-undef -Wno-ignored-qualifiers -Wno-extra -Wno-unused-function -Wno-unused-const-variable -Wno-invalid-offsetof  -O3 -DNDEBUG  -DNDEBUG    -Wl,--gc-sections -Wl,--as-needed  CMakeFiles/cmTC_25afc.dir/src.cxx.o  -o cmTC_25afc 
make[1]: Leaving directory '/home/jakob/Documents/Hackathon/lent21/build/CMakeFiles/CMakeTmp'


===== END =====

Build output check failed:
    Regex: 'unrecognized .*option'
    Output line: 'cc1plus: warning: unrecognized command line option ‘-Wno-inconsistent-missing-override’'
Compilation failed:
    source file: '/home/jakob/Documents/Hackathon/lent21/build/CMakeFiles/CMakeTmp/src.cxx'
    check option: ' -Wno-inconsistent-missing-override'
===== BUILD LOG =====
Change Dir: /home/jakob/Documents/Hackathon/lent21/build/CMakeFiles/CMakeTmp

Run Build Command(s):/usr/bin/make cmTC_f2224/fast && /usr/bin/make -f CMakeFiles/cmTC_f2224.dir/build.make CMakeFiles/cmTC_f2224.dir/build
make[1]: Entering directory '/home/jakob/Documents/Hackathon/lent21/build/CMakeFiles/CMakeTmp'
Building CXX object CMakeFiles/cmTC_f2224.dir/src.cxx.o
/usr/bin/c++    -fsigned-char -W -Wall -Werror=return-type -Werror=non-virtual-dtor -Werror=address -Werror=sequence-point -Wformat -Werror=format-security -Winit-self -Wpointer-arith -Wuninitialized -Wno-delete-non-virtual-dtor -Wno-comment -Wimplicit-fallthrough=3 -Wno-strict-overflow -fdiagnostics-show-option -Wno-long-long -pthread -fomit-frame-pointer -ffunction-sections -fdata-sections  -msse -msse2 -msse3 -fvisibility=hidden -fvisibility-inlines-hidden -Wno-deprecated -Wno-missing-declarations -Wno-shadow -Wno-unused-parameter -Wno-unused-local-typedefs -Wno-sign-compare -Wno-sign-promo -Wno-undef -Wno-ignored-qualifiers -Wno-extra -Wno-unused-function -Wno-unused-const-variable -Wno-invalid-offsetof -Wno-suggest-override  -O3 -DNDEBUG  -DNDEBUG -fPIE    -Wno-inconsistent-missing-override -std=c++11 -o CMakeFiles/cmTC_f2224.dir/src.cxx.o -c /home/jakob/Documents/Hackathon/lent21/build/CMakeFiles/CMakeTmp/src.cxx
/home/jakob/Documents/Hackathon/lent21/build/CMakeFiles/CMakeTmp/src.cxx:1: warning: ignoring #pragma   [-Wunknown-pragmas]
    1 | #pragma
      | 
cc1plus: warning: unrecognized command line option ‘-Wno-inconsistent-missing-override’
Linking CXX executable cmTC_f2224
/usr/bin/cmake -E cmake_link_script CMakeFiles/cmTC_f2224.dir/link.txt --verbose=1
/usr/bin/c++     -fsigned-char -W -Wall -Werror=return-type -Werror=non-virtual-dtor -Werror=address -Werror=sequence-point -Wformat -Werror=format-security -Winit-self -Wpointer-arith -Wuninitialized -Wno-delete-non-virtual-dtor -Wno-comment -Wimplicit-fallthrough=3 -Wno-strict-overflow -fdiagnostics-show-option -Wno-long-long -pthread -fomit-frame-pointer -ffunction-sections -fdata-sections  -msse -msse2 -msse3 -fvisibility=hidden -fvisibility-inlines-hidden -Wno-deprecated -Wno-missing-declarations -Wno-shadow -Wno-unused-parameter -Wno-unused-local-typedefs -Wno-sign-compare -Wno-sign-promo -Wno-undef -Wno-ignored-qualifiers -Wno-extra -Wno-unused-function -Wno-unused-const-variable -Wno-invalid-offsetof -Wno-suggest-override  -O3 -DNDEBUG  -DNDEBUG    -Wl,--gc-sections -Wl,--as-needed  CMakeFiles/cmTC_f2224.dir/src.cxx.o  -o cmTC_f2224 
make[1]: Leaving directory '/home/jakob/Documents/Hackathon/lent21/build/CMakeFiles/CMakeTmp'


===== END =====

Determining if the include file sys/videoio.h exists failed with the following output:
Change Dir: /home/jakob/Documents/Hackathon/lent21/build/CMakeFiles/CMakeTmp

Run Build Command(s):/usr/bin/make cmTC_04c4d/fast && /usr/bin/make -f CMakeFiles/cmTC_04c4d.dir/build.make CMakeFiles/cmTC_04c4d.dir/build
make[1]: Entering directory '/home/jakob/Documents/Hackathon/lent21/build/CMakeFiles/CMakeTmp'
Building C object CMakeFiles/cmTC_04c4d.dir/CheckIncludeFile.c.o
/usr/bin/cc   -fsigned-char -W -Wall -Werror=return-type -Werror=address -Werror=sequence-point -Wformat -Werror=format-security -Wmissing-declarations -Wmissing-prototypes -Wstrict-prototypes -Wundef -Winit-self -Wpointer-arith -Wshadow -Wuninitialized -Wno-comment -Wimplicit-fallthrough=3 -Wno-strict-overflow -fdiagnostics-show-option -Wno-long-long -pthread -fomit-frame-pointer -ffunction-sections -fdata-sections  -msse -msse2 -msse3 -fvisibility=hidden  -O3 -DNDEBUG  -DNDEBUG -fPIE   -o CMakeFiles/cmTC_04c4d.dir/CheckIncludeFile.c.o   -c /home/jakob/Documents/Hackathon/lent21/build/CMakeFiles/CMakeTmp/CheckIncludeFile.c
/home/jakob/Documents/Hackathon/lent21/build/CMakeFiles/CMakeTmp/CheckIncludeFile.c:1:10: fatal error: sys/videoio.h: No such file or directory
    1 | #include <sys/videoio.h>
      |          ^~~~~~~~~~~~~~~
compilation terminated.
make[1]: *** [CMakeFiles/cmTC_04c4d.dir/build.make:66: CMakeFiles/cmTC_04c4d.dir/CheckIncludeFile.c.o] Error 1
make[1]: Leaving directory '/home/jakob/Documents/Hackathon/lent21/build/CMakeFiles/CMakeTmp'
make: *** [Makefile:121: cmTC_04c4d/fast] Error 2



Build output check failed:
    Regex: 'unrecognized .*option'
    Output line: 'cc1plus: warning: unrecognized command line option ‘-Wno-unused-private-field’'
Compilation failed:
    source file: '/home/jakob/Documents/Hackathon/lent21/build/CMakeFiles/CMakeTmp/src.cxx'
    check option: ' -Wno-unused-private-field'
===== BUILD LOG =====
Change Dir: /home/jakob/Documents/Hackathon/lent21/build/CMakeFiles/CMakeTmp

Run Build Command(s):/usr/bin/make cmTC_79908/fast && /usr/bin/make -f CMakeFiles/cmTC_79908.dir/build.make CMakeFiles/cmTC_79908.dir/build
make[1]: Entering directory '/home/jakob/Documents/Hackathon/lent21/build/CMakeFiles/CMakeTmp'
Building CXX object CMakeFiles/cmTC_79908.dir/src.cxx.o
/usr/bin/c++    -fsigned-char -W -Wall -Werror=return-type -Werror=non-virtual-dtor -Werror=address -Werror=sequence-point -Wformat -Werror=format-security -Wmissing-declarations -Wundef -Winit-self -Wpointer-arith -Wshadow -Wsign-promo -Wuninitialized -Wsuggest-override -Wno-delete-non-virtual-dtor -Wno-comment -Wimplicit-fallthrough=3 -Wno-strict-overflow -fdiagnostics-show-option -Wno-long-long -pthread -fomit-frame-pointer -ffunction-sections -fdata-sections  -msse -msse2 -msse3 -fvisibility=hidden -fvisibility-inlines-hidden -Wno-unused-function -Wno-deprecated-declarations -Wno-overloaded-virtual  -O3 -DNDEBUG  -DNDEBUG -fPIE    -Wno-unused-private-field -std=c++11 -o CMakeFiles/cmTC_79908.dir/src.cxx.o -c /home/jakob/Documents/Hackathon/lent21/build/CMakeFiles/CMakeTmp/src.cxx
/home/jakob/Documents/Hackathon/lent21/build/CMakeFiles/CMakeTmp/src.cxx:1: warning: ignoring #pragma   [-Wunknown-pragmas]
    1 | #pragma
      | 
cc1plus: warning: unrecognized command line option ‘-Wno-unused-private-field’
Linking CXX executable cmTC_79908
/usr/bin/cmake -E cmake_link_script CMakeFiles/cmTC_79908.dir/link.txt --verbose=1
/usr/bin/c++     -fsigned-char -W -Wall -Werror=return-type -Werror=non-virtual-dtor -Werror=address -Werror=sequence-point -Wformat -Werror=format-security -Wmissing-declarations -Wundef -Winit-self -Wpointer-arith -Wshadow -Wsign-promo -Wuninitialized -Wsuggest-override -Wno-delete-non-virtual-dtor -Wno-comment -Wimplicit-fallthrough=3 -Wno-strict-overflow -fdiagnostics-show-option -Wno-long-long -pthread -fomit-frame-pointer -ffunction-sections -fdata-sections  -msse -msse2 -msse3 -fvisibility=hidden -fvisibility-inlines-hidden -Wno-unused-function -Wno-deprecated-declarations -Wno-overloaded-virtual  -O3 -DNDEBUG  -DNDEBUG    -Wl,--gc-sections -Wl,--as-needed  CMakeFiles/cmTC_79908.dir/src.cxx.o  -o cmTC_79908 
make[1]: Leaving directory '/home/jakob/Documents/Hackathon/lent21/build/CMakeFiles/CMakeTmp'


===== END =====

